#
# A fatal error has been detected by the Java Runtime Environment:
#
#  SIGSEGV (0xb) at pc=0x0000000101528358, pid=2033, tid=17159
#
# JRE version: Java(TM) SE Runtime Environment (8.0_91-b14) (build 1.8.0_91-b14)
# Java VM: Java HotSpot(TM) 64-Bit Server VM (25.91-b14 mixed mode bsd-amd64 compressed oops)
# Problematic frame:
# V  [libjvm.dylib+0x448358]
#
# Failed to write core dump. Core dumps have been disabled. To enable core dumping, try "ulimit -c unlimited" before starting Java again
#
# If you would like to submit a bug report, please visit:
#   http://bugreport.java.com/bugreport/crash.jsp
#

---------------  T H R E A D  ---------------

Current thread (0x00007ff6af82b000):  JavaThread "JDWP Transport Listener: dt_socket" daemon [_thread_in_vm, id=17159, stack(0x0000700008f55000,0x0000700009055000)]

siginfo: si_signo: 11 (SIGSEGV), si_code: 0 (unknown), si_addr: 0x0000000000000000

Registers:
RAX=0x0000000000000001, RBX=0x0000700009054a8b, RCX=0x00000001018f8340, RDX=0x0000700009054a8b
RSP=0x00007000090549d0, RBP=0x00007000090549e0, RSI=0x00007ff6af82b000, RDI=0xb000000000000000
R8 =0x0000000000000000, R9 =0x00007ff6ae71ff30, R10=0x000007ff6ae71f63, R11=0x0000000000000001
R12=0x00007ff6af82b000, R13=0xb000000000000000, R14=0xb000000000000000, R15=0x00007ff6ae700b60
RIP=0x0000000101528358, EFLAGS=0x0000000000010286, ERR=0x0000000000000000
  TRAPNO=0x000000000000000d

Top of Stack: (sp=0x00007000090549d0)
0x00007000090549d0:   0000700009054a8b 0000700009054a8b
0x00007000090549e0:   0000700009054a40 0000000101437316
0x00007000090549f0:   00007ff6af82b000 0000000000000000
0x0000700009054a00:   0000000000000000 0000000000000000
0x0000700009054a10:   00007ff6af82b000 00007ff6af82b000
0x0000700009054a20:   0000700009054a8b 0000700009054a90
0x0000700009054a30:   b000000000000000 0000000000000004
0x0000700009054a40:   0000700009054a60 0000000100e3a780
0x0000700009054a50:   0000000000000001 0000700009054b08
0x0000700009054a60:   0000700009054ad0 0000000100e1f1f3
0x0000700009054a70:   0000700009054aa0 00007ff6ae71ff00
0x0000700009054a80:   0000000500000032 0000000900054b08
0x0000700009054a90:   0000000000000000 0000000000000000
0x0000700009054aa0:   0000000000000000 0000700009054c90
0x0000700009054ab0:   0000000100e41e7a 00007ff6ae520520
0x0000700009054ac0:   0000700009054b08 0000000100e4d598
0x0000700009054ad0:   0000700009054ae0 0000000100e1f2ec
0x0000700009054ae0:   0000700009054d00 0000000100e28898
0x0000700009054af0:   00000fa400000013 00000000000f0200
0x0000700009054b00:   00007ff6ae51dc60 0000700009054c0b
0x0000700009054b10:   0000000000000079 0000700009054b20
0x0000700009054b20:   00000100000000b3 0000700009054b58
0x0000700009054b30:   0000000000000000 00007f0000000000
0x0000700009054b40:   00000fa40000001c 00007ff600001280
0x0000700009054b50:   0000700009054b58 f67f000005000000
0x0000700009054b60:   0a000000b0ad51ae 7375635f636c6163
0x0000700009054b70:   5b28070000006f74 0000004429445b44
0x0000700009054b80:   7f00000a00000000 000000a0ad51aef6
0x0000700009054b90:   74616d5f7864690b 0700000063657632
0x0000700009054ba0:   0049294949494928 000a000000000000
0x0000700009054bb0:   00a8ad51aef67f00 765f7864690b0000
0x0000700009054bc0:   000074616d326365 5b29494949280700 

Instructions: (pc=0x0000000101528358)
0x0000000101528338:   40 48 48 85 c0 75 e0 30 c0 0f b6 c0 5d c3 31 c0
0x0000000101528348:   5d c3 55 48 89 e5 53 48 83 ec 08 48 85 ff 74 24
0x0000000101528358:   48 8b 1f 48 85 db 74 1c 48 83 fb 37 74 16 48 8b
0x0000000101528368:   03 48 89 df ff 50 10 84 c0 b8 00 00 00 00 48 0f 

Register to memory mapping:

RAX=0x0000000000000001 is an unknown value
RBX=0x0000700009054a8b is pointing into the stack for thread: 0x00007ff6af82b000
RCX=0x00000001018f8340: UseMembar+0 in /Library/Java/JavaVirtualMachines/jdk1.8.0_91.jdk/Contents/Home/jre/lib/server/libjvm.dylib at 0x00000001010e0000
RDX=0x0000700009054a8b is pointing into the stack for thread: 0x00007ff6af82b000
RSP=0x00007000090549d0 is pointing into the stack for thread: 0x00007ff6af82b000
RBP=0x00007000090549e0 is pointing into the stack for thread: 0x00007ff6af82b000
RSI=0x00007ff6af82b000 is a thread
RDI=0xb000000000000000 is an unknown value
R8 =0x0000000000000000 is an unknown value
R9 =0x00007ff6ae71ff30 is an unknown value
R10=0x000007ff6ae71f63 is an unknown value
R11=0x0000000000000001 is an unknown value
R12=0x00007ff6af82b000 is a thread
R13=0xb000000000000000 is an unknown value
R14=0xb000000000000000 is an unknown value
R15=0x00007ff6ae700b60 is an unknown value


Stack: [0x0000700008f55000,0x0000700009055000],  sp=0x00007000090549d0,  free space=1022k
Native frames: (J=compiled Java code, j=interpreted, Vv=VM code, C=native code)
V  [libjvm.dylib+0x448358]
V  [libjvm.dylib+0x357316]
C  [libjdwp.dylib+0x20780]  isMethodSynthetic+0x63
C  [libjdwp.dylib+0x51f3]  methods1+0x10b
C  [libjdwp.dylib+0x52ec]  methodsWithGeneric+0xe
C  [libjdwp.dylib+0xe898]  debugLoop_run+0x1ce
C  [libjdwp.dylib+0x1f6ba]  attachThread+0x4d
V  [libjvm.dylib+0x39867c]
V  [libjvm.dylib+0x563d17]
V  [libjvm.dylib+0x565412]
V  [libjvm.dylib+0x484f82]
C  [libsystem_pthread.dylib+0x36c1]  _pthread_body+0x154
C  [libsystem_pthread.dylib+0x356d]  _pthread_body+0x0
C  [libsystem_pthread.dylib+0x2c5d]  thread_start+0xd
C  0x0000000000000000


---------------  P R O C E S S  ---------------

Java Threads: ( => current thread )
  0x00007ff6af045000 JavaThread "Service Thread" daemon [_thread_blocked, id=20227, stack(0x0000700009567000,0x0000700009667000)]
  0x00007ff6af82c000 JavaThread "C1 CompilerThread2" daemon [_thread_blocked, id=19715, stack(0x0000700009464000,0x0000700009564000)]
  0x00007ff6b0015000 JavaThread "C2 CompilerThread1" daemon [_thread_blocked, id=19203, stack(0x0000700009361000,0x0000700009461000)]
  0x00007ff6af82d000 JavaThread "C2 CompilerThread0" daemon [_thread_blocked, id=18691, stack(0x000070000925e000,0x000070000935e000)]
  0x00007ff6af013800 JavaThread "JDWP Command Reader" daemon [_thread_in_native, id=18179, stack(0x000070000915b000,0x000070000925b000)]
  0x00007ff6af012800 JavaThread "JDWP Event Helper Thread" daemon [_thread_blocked, id=17667, stack(0x0000700009058000,0x0000700009158000)]
=>0x00007ff6af82b000 JavaThread "JDWP Transport Listener: dt_socket" daemon [_thread_in_vm, id=17159, stack(0x0000700008f55000,0x0000700009055000)]
  0x00007ff6af018000 JavaThread "Signal Dispatcher" daemon [_thread_blocked, id=16643, stack(0x0000700008e52000,0x0000700008f52000)]
  0x00007ff6af839000 JavaThread "Finalizer" daemon [_thread_blocked, id=13059, stack(0x0000700008d4f000,0x0000700008e4f000)]
  0x00007ff6af838000 JavaThread "Reference Handler" daemon [_thread_blocked, id=12547, stack(0x0000700008c4c000,0x0000700008d4c000)]
  0x00007ff6ae808800 JavaThread "main" [_thread_blocked, id=6915, stack(0x000070000863a000,0x000070000873a000)]

Other Threads:
  0x00007ff6af835800 VMThread [stack: 0x0000700008b49000,0x0000700008c49000] [id=12035]
  0x00007ff6b005c000 WatcherThread [stack: 0x000070000966a000,0x000070000976a000] [id=20739]

VM state:not at safepoint (normal execution)

VM Mutex/Monitor currently owned by a thread: None

Heap:
 PSYoungGen      total 38400K, used 7321K [0x0000000795580000, 0x0000000798000000, 0x00000007c0000000)
  eden space 33280K, 22% used [0x0000000795580000,0x0000000795ca66d0,0x0000000797600000)
  from space 5120K, 0% used [0x0000000797b00000,0x0000000797b00000,0x0000000798000000)
  to   space 5120K, 0% used [0x0000000797600000,0x0000000797600000,0x0000000797b00000)
 ParOldGen       total 87552K, used 0K [0x0000000740000000, 0x0000000745580000, 0x0000000795580000)
  object space 87552K, 0% used [0x0000000740000000,0x0000000740000000,0x0000000745580000)
 Metaspace       used 4160K, capacity 5088K, committed 5376K, reserved 1056768K
  class space    used 418K, capacity 464K, committed 512K, reserved 1048576K

Card table byte_map: [0x0000000111dc0000,0x00000001121c1000] byte_map_base: 0x000000010e3c0000

Marking Bits: (ParMarkBitMap*) 0x00000001019c6eb0
 Begin Bits: [0x000000011246c000, 0x000000011446c000)
 End Bits:   [0x000000011446c000, 0x000000011646c000)

Polling page: 0x0000000100e19000

CodeCache: size=245760Kb used=1750Kb max_used=1768Kb free=244009Kb
 bounds [0x0000000102a00000, 0x0000000102c70000, 0x0000000111a00000]
 total_blobs=485 nmethods=248 adapters=159
 compilation: enabled

Compilation events (10 events):
Event: 0.551 Thread 0x00007ff6af82c000  220       3       java.lang.Double::parseDouble (5 bytes)
Event: 0.551 Thread 0x00007ff6af82c000 nmethod 220 0x0000000102baa710 code [0x0000000102baa8a0, 0x0000000102baab18]
Event: 0.551 Thread 0x00007ff6af82c000  212       3       java.util.Scanner::findPatternInBuffer (175 bytes)
Event: 0.553 Thread 0x00007ff6af82c000 nmethod 212 0x0000000102baac50 code [0x0000000102baae40, 0x0000000102baba68]
Event: 0.553 Thread 0x00007ff6af82c000  239       1       java.net.URL::getFile (5 bytes)
Event: 0.553 Thread 0x00007ff6af82c000 nmethod 239 0x0000000102ba4ed0 code [0x0000000102ba5020, 0x0000000102ba5130]
Event: 0.576 Thread 0x00007ff6af82d000 nmethod 222 0x0000000102bb0450 code [0x0000000102bb06a0, 0x0000000102bb1b48]
Event: 0.577 Thread 0x00007ff6af82d000  225       4       java.util.regex.Pattern$TreeInfo::reset (21 bytes)
Event: 0.577 Thread 0x00007ff6af82d000 nmethod 225 0x0000000102bad090 code [0x0000000102bad1e0, 0x0000000102bad258]
Event: 0.580 Thread 0x00007ff6b0015000 nmethod 172% 0x0000000102bb7490 code [0x0000000102bb7800, 0x0000000102bbb398]

GC Heap History (0 events):
No events

Deoptimization events (0 events):
No events

Internal exceptions (9 events):
Event: 0.049 Thread 0x00007ff6ae808800 Exception <a 'java/lang/NoSuchMethodError': Method sun.misc.Unsafe.defineClass(Ljava/lang/String;[BII)Ljava/lang/Class; name or signature does not match> (0x0000000795587cc0) thrown at [/Users/java_re/workspace/8-2-build-macosx-x86_64/jdk8u91/6644/hotspot
Event: 0.049 Thread 0x00007ff6ae808800 Exception <a 'java/lang/NoSuchMethodError': Method sun.misc.Unsafe.prefetchRead(Ljava/lang/Object;J)V name or signature does not match> (0x0000000795587fa8) thrown at [/Users/java_re/workspace/8-2-build-macosx-x86_64/jdk8u91/6644/hotspot/src/share/vm/prim
Event: 0.320 Thread 0x00007ff6ae808800 Exception <a 'java/util/zip/ZipException'> (0x00000007955ebb10) thrown at [/Users/java_re/workspace/8-2-build-macosx-x86_64/jdk8u91/6644/hotspot/src/share/vm/prims/jni.cpp, line 709]
Event: 0.320 Thread 0x00007ff6ae808800 Exception <a 'java/security/PrivilegedActionException'> (0x00000007955ebdb0) thrown at [/Users/java_re/workspace/8-2-build-macosx-x86_64/jdk8u91/6644/hotspot/src/share/vm/prims/jvm.cpp, line 1386]
Event: 0.320 Thread 0x00007ff6ae808800 Exception <a 'java/security/PrivilegedActionException'> (0x00000007955ebfc0) thrown at [/Users/java_re/workspace/8-2-build-macosx-x86_64/jdk8u91/6644/hotspot/src/share/vm/prims/jvm.cpp, line 1386]
Event: 0.369 Thread 0x00007ff6ae808800 Exception <a 'java/security/PrivilegedActionException'> (0x00000007957af750) thrown at [/Users/java_re/workspace/8-2-build-macosx-x86_64/jdk8u91/6644/hotspot/src/share/vm/prims/jvm.cpp, line 1386]
Event: 0.369 Thread 0x00007ff6ae808800 Exception <a 'java/security/PrivilegedActionException'> (0x00000007957af960) thrown at [/Users/java_re/workspace/8-2-build-macosx-x86_64/jdk8u91/6644/hotspot/src/share/vm/prims/jvm.cpp, line 1386]
Event: 0.370 Thread 0x00007ff6ae808800 Exception <a 'java/security/PrivilegedActionException'> (0x00000007957b2de8) thrown at [/Users/java_re/workspace/8-2-build-macosx-x86_64/jdk8u91/6644/hotspot/src/share/vm/prims/jvm.cpp, line 1386]
Event: 0.370 Thread 0x00007ff6ae808800 Exception <a 'java/security/PrivilegedActionException'> (0x00000007957b2ff8) thrown at [/Users/java_re/workspace/8-2-build-macosx-x86_64/jdk8u91/6644/hotspot/src/share/vm/prims/jvm.cpp, line 1386]

Events (10 events):
Event: 5288.183 Executing VM operation: ChangeBreakpoints
Event: 5288.183 Executing VM operation: ChangeBreakpoints done
Event: 5337.339 Executing VM operation: RedefineClasses
Event: 5337.341 Executing VM operation: RedefineClasses done
Event: 5337.345 Executing VM operation: ChangeBreakpoints
Event: 5337.345 Executing VM operation: ChangeBreakpoints done
Event: 5337.349 Executing VM operation: ChangeBreakpoints
Event: 5337.349 Executing VM operation: ChangeBreakpoints done
Event: 6804.603 Executing VM operation: RedefineClasses
Event: 6804.605 Executing VM operation: RedefineClasses done


Dynamic libraries:
0x000000000180a000 	/System/Library/Frameworks/Cocoa.framework/Versions/A/Cocoa
0x000000000180a000 	/System/Library/Frameworks/Security.framework/Versions/A/Security
0x000000000180a000 	/System/Library/Frameworks/ApplicationServices.framework/Versions/A/ApplicationServices
0x000000000180a000 	/usr/lib/libz.1.dylib
0x000000000180a000 	/usr/lib/libSystem.B.dylib
0x000000000180a000 	/usr/lib/libobjc.A.dylib
0x000000000180a000 	/System/Library/Frameworks/CoreFoundation.framework/Versions/A/CoreFoundation
0x000000000180a000 	/System/Library/Frameworks/Foundation.framework/Versions/C/Foundation
0x000000000180a000 	/System/Library/Frameworks/AppKit.framework/Versions/C/AppKit
0x000000000180a000 	/System/Library/Frameworks/CoreData.framework/Versions/A/CoreData
0x000000000180a000 	/System/Library/PrivateFrameworks/RemoteViewServices.framework/Versions/A/RemoteViewServices
0x000000000180a000 	/System/Library/PrivateFrameworks/UIFoundation.framework/Versions/A/UIFoundation
0x000000000180a000 	/System/Library/PrivateFrameworks/DFRFoundation.framework/Versions/A/DFRFoundation
0x000000000180a000 	/System/Library/Frameworks/Metal.framework/Versions/A/Metal
0x000000000180a000 	/System/Library/PrivateFrameworks/DesktopServicesPriv.framework/Versions/A/DesktopServicesPriv
0x000000000180a000 	/usr/lib/libenergytrace.dylib
0x000000000180a000 	/System/Library/PrivateFrameworks/SkyLight.framework/Versions/A/SkyLight
0x000000000180a000 	/System/Library/Frameworks/CoreGraphics.framework/Versions/A/CoreGraphics
0x000000000180a000 	/usr/lib/libScreenReader.dylib
0x000000000180a000 	/System/Library/Frameworks/Accelerate.framework/Versions/A/Accelerate
0x000000000180a000 	/System/Library/Frameworks/IOSurface.framework/Versions/A/IOSurface
0x000000000180a000 	/System/Library/Frameworks/AudioToolbox.framework/Versions/A/AudioToolbox
0x000000000180a000 	/System/Library/Frameworks/AudioUnit.framework/Versions/A/AudioUnit
0x000000000180a000 	/System/Library/PrivateFrameworks/DataDetectorsCore.framework/Versions/A/DataDetectorsCore
0x000000000180a000 	/System/Library/Frameworks/Carbon.framework/Versions/A/Frameworks/HIToolbox.framework/Versions/A/HIToolbox
0x000000000180a000 	/usr/lib/libicucore.A.dylib
0x000000000180a000 	/System/Library/Frameworks/QuartzCore.framework/Versions/A/QuartzCore
0x000000000180a000 	/System/Library/Frameworks/Carbon.framework/Versions/A/Frameworks/SpeechRecognition.framework/Versions/A/SpeechRecognition
0x000000000180a000 	/usr/lib/libauto.dylib
0x000000000180a000 	/usr/lib/libxml2.2.dylib
0x000000000180a000 	/System/Library/PrivateFrameworks/CoreUI.framework/Versions/A/CoreUI
0x000000000180a000 	/System/Library/Frameworks/CoreAudio.framework/Versions/A/CoreAudio
0x000000000180a000 	/System/Library/Frameworks/DiskArbitration.framework/Versions/A/DiskArbitration
0x000000000180a000 	/usr/lib/liblangid.dylib
0x000000000180a000 	/System/Library/PrivateFrameworks/MultitouchSupport.framework/Versions/A/MultitouchSupport
0x000000000180a000 	/System/Library/Frameworks/IOKit.framework/Versions/A/IOKit
0x000000000180a000 	/usr/lib/libDiagnosticMessagesClient.dylib
0x000000000180a000 	/System/Library/Frameworks/CoreServices.framework/Versions/A/CoreServices
0x000000000180a000 	/System/Library/PrivateFrameworks/PerformanceAnalysis.framework/Versions/A/PerformanceAnalysis
0x000000000180a000 	/System/Library/Frameworks/OpenGL.framework/Versions/A/OpenGL
0x000000000180a000 	/System/Library/Frameworks/ColorSync.framework/Versions/A/ColorSync
0x000000000180a000 	/System/Library/Frameworks/CoreImage.framework/Versions/A/CoreImage
0x000000000180a000 	/System/Library/Frameworks/CoreText.framework/Versions/A/CoreText
0x000000000180a000 	/System/Library/Frameworks/ImageIO.framework/Versions/A/ImageIO
0x000000000180a000 	/System/Library/PrivateFrameworks/Backup.framework/Versions/A/Backup
0x000000000180a000 	/usr/lib/libarchive.2.dylib
0x000000000180a000 	/System/Library/Frameworks/CFNetwork.framework/Versions/A/CFNetwork
0x000000000180a000 	/System/Library/Frameworks/SystemConfiguration.framework/Versions/A/SystemConfiguration
0x000000000180a000 	/usr/lib/libCRFSuite.dylib
0x000000000180a000 	/usr/lib/libc++.1.dylib
0x000000000180a000 	/usr/lib/libc++abi.dylib
0x000000000180a000 	/usr/lib/system/libcache.dylib
0x000000000180a000 	/usr/lib/system/libcommonCrypto.dylib
0x000000000180a000 	/usr/lib/system/libcompiler_rt.dylib
0x000000000180a000 	/usr/lib/system/libcopyfile.dylib
0x000000000180a000 	/usr/lib/system/libcorecrypto.dylib
0x000000000180a000 	/usr/lib/system/libdispatch.dylib
0x000000000180a000 	/usr/lib/system/libdyld.dylib
0x000000000180a000 	/usr/lib/system/libkeymgr.dylib
0x000000000180a000 	/usr/lib/system/liblaunch.dylib
0x000000000180a000 	/usr/lib/system/libmacho.dylib
0x000000000180a000 	/usr/lib/system/libquarantine.dylib
0x000000000180a000 	/usr/lib/system/libremovefile.dylib
0x000000000180a000 	/usr/lib/system/libsystem_asl.dylib
0x000000000180a000 	/usr/lib/system/libsystem_blocks.dylib
0x000000000180a000 	/usr/lib/system/libsystem_c.dylib
0x000000000180a000 	/usr/lib/system/libsystem_configuration.dylib
0x000000000180a000 	/usr/lib/system/libsystem_coreservices.dylib
0x000000000180a000 	/usr/lib/system/libsystem_darwin.dylib
0x000000000180a000 	/usr/lib/system/libsystem_dnssd.dylib
0x000000000180a000 	/usr/lib/system/libsystem_info.dylib
0x000000000180a000 	/usr/lib/system/libsystem_m.dylib
0x000000000180a000 	/usr/lib/system/libsystem_malloc.dylib
0x000000000180a000 	/usr/lib/system/libsystem_network.dylib
0x000000000180a000 	/usr/lib/system/libsystem_networkextension.dylib
0x000000000180a000 	/usr/lib/system/libsystem_notify.dylib
0x000000000180a000 	/usr/lib/system/libsystem_sandbox.dylib
0x000000000180a000 	/usr/lib/system/libsystem_secinit.dylib
0x000000000180a000 	/usr/lib/system/libsystem_kernel.dylib
0x000000000180a000 	/usr/lib/system/libsystem_platform.dylib
0x000000000180a000 	/usr/lib/system/libsystem_pthread.dylib
0x000000000180a000 	/usr/lib/system/libsystem_symptoms.dylib
0x000000000180a000 	/usr/lib/system/libsystem_trace.dylib
0x000000000180a000 	/usr/lib/system/libunwind.dylib
0x000000000180a000 	/usr/lib/system/libxpc.dylib
0x000000000180a000 	/usr/lib/closure/libclosured.dylib
0x000000000180a000 	/usr/lib/libbsm.0.dylib
0x000000000180a000 	/usr/lib/system/libkxld.dylib
0x000000000180a000 	/usr/lib/libOpenScriptingUtil.dylib
0x000000000180a000 	/usr/lib/libcoretls.dylib
0x000000000180a000 	/usr/lib/libcoretls_cfhelpers.dylib
0x000000000180a000 	/usr/lib/libpam.2.dylib
0x000000000180a000 	/usr/lib/libsqlite3.dylib
0x000000000180a000 	/usr/lib/libxar.1.dylib
0x000000000180a000 	/usr/lib/libbz2.1.0.dylib
0x000000000180a000 	/usr/lib/liblzma.5.dylib
0x000000000180a000 	/usr/lib/libnetwork.dylib
0x000000000180a000 	/usr/lib/libapple_nghttp2.dylib
0x000000000180a000 	/usr/lib/libpcap.A.dylib
0x000000000180a000 	/usr/lib/libboringssl.dylib
0x000000000180a000 	/usr/lib/libusrtcp.dylib
0x000000000180a000 	/usr/lib/libapple_crypto.dylib
0x000000000180a000 	/System/Library/Frameworks/CoreServices.framework/Versions/A/Frameworks/FSEvents.framework/Versions/A/FSEvents
0x000000000180a000 	/System/Library/Frameworks/CoreServices.framework/Versions/A/Frameworks/CarbonCore.framework/Versions/A/CarbonCore
0x000000000180a000 	/System/Library/Frameworks/CoreServices.framework/Versions/A/Frameworks/Metadata.framework/Versions/A/Metadata
0x000000000180a000 	/System/Library/Frameworks/CoreServices.framework/Versions/A/Frameworks/OSServices.framework/Versions/A/OSServices
0x000000000180a000 	/System/Library/Frameworks/CoreServices.framework/Versions/A/Frameworks/SearchKit.framework/Versions/A/SearchKit
0x000000000180a000 	/System/Library/Frameworks/CoreServices.framework/Versions/A/Frameworks/AE.framework/Versions/A/AE
0x000000000180a000 	/System/Library/Frameworks/CoreServices.framework/Versions/A/Frameworks/LaunchServices.framework/Versions/A/LaunchServices
0x000000000180a000 	/System/Library/Frameworks/CoreServices.framework/Versions/A/Frameworks/DictionaryServices.framework/Versions/A/DictionaryServices
0x000000000180a000 	/System/Library/Frameworks/CoreServices.framework/Versions/A/Frameworks/SharedFileList.framework/Versions/A/SharedFileList
0x000000000180a000 	/System/Library/Frameworks/NetFS.framework/Versions/A/NetFS
0x000000000180a000 	/System/Library/PrivateFrameworks/NetAuth.framework/Versions/A/NetAuth
0x000000000180a000 	/System/Library/PrivateFrameworks/login.framework/Versions/A/Frameworks/loginsupport.framework/Versions/A/loginsupport
0x000000000180a000 	/System/Library/PrivateFrameworks/TCC.framework/Versions/A/TCC
0x000000000180a000 	/usr/lib/libmecabra.dylib
0x000000000180a000 	/System/Library/Frameworks/ApplicationServices.framework/Versions/A/Frameworks/ATS.framework/Versions/A/ATS
0x000000000180a000 	/System/Library/Frameworks/ApplicationServices.framework/Versions/A/Frameworks/ColorSyncLegacy.framework/Versions/A/ColorSyncLegacy
0x000000000180a000 	/System/Library/Frameworks/ApplicationServices.framework/Versions/A/Frameworks/HIServices.framework/Versions/A/HIServices
0x000000000180a000 	/System/Library/Frameworks/ApplicationServices.framework/Versions/A/Frameworks/LangAnalysis.framework/Versions/A/LangAnalysis
0x000000000180a000 	/System/Library/Frameworks/ApplicationServices.framework/Versions/A/Frameworks/PrintCore.framework/Versions/A/PrintCore
0x000000000180a000 	/System/Library/Frameworks/ApplicationServices.framework/Versions/A/Frameworks/QD.framework/Versions/A/QD
0x000000000180a000 	/System/Library/Frameworks/ApplicationServices.framework/Versions/A/Frameworks/SpeechSynthesis.framework/Versions/A/SpeechSynthesis
0x000000000180a000 	/System/Library/Frameworks/CoreDisplay.framework/Versions/A/CoreDisplay
0x000000000180a000 	/System/Library/Frameworks/Accelerate.framework/Versions/A/Frameworks/vImage.framework/Versions/A/vImage
0x000000000180a000 	/System/Library/Frameworks/Accelerate.framework/Versions/A/Frameworks/vecLib.framework/Versions/A/vecLib
0x000000000180a000 	/System/Library/Frameworks/Accelerate.framework/Versions/A/Frameworks/vecLib.framework/Versions/A/libvDSP.dylib
0x000000000180a000 	/System/Library/Frameworks/Accelerate.framework/Versions/A/Frameworks/vecLib.framework/Versions/A/libBNNS.dylib
0x000000000180a000 	/System/Library/Frameworks/Accelerate.framework/Versions/A/Frameworks/vecLib.framework/Versions/A/libQuadrature.dylib
0x000000000180a000 	/System/Library/Frameworks/Accelerate.framework/Versions/A/Frameworks/vecLib.framework/Versions/A/libvMisc.dylib
0x000000000180a000 	/System/Library/Frameworks/Accelerate.framework/Versions/A/Frameworks/vecLib.framework/Versions/A/libLAPACK.dylib
0x000000000180a000 	/System/Library/Frameworks/Accelerate.framework/Versions/A/Frameworks/vecLib.framework/Versions/A/libBLAS.dylib
0x000000000180a000 	/System/Library/Frameworks/Accelerate.framework/Versions/A/Frameworks/vecLib.framework/Versions/A/libLinearAlgebra.dylib
0x000000000180a000 	/System/Library/Frameworks/Accelerate.framework/Versions/A/Frameworks/vecLib.framework/Versions/A/libSparse.dylib
0x000000000180a000 	/System/Library/Frameworks/Accelerate.framework/Versions/A/Frameworks/vecLib.framework/Versions/A/libSparseBLAS.dylib
0x000000000180a000 	/System/Library/PrivateFrameworks/IOAccelerator.framework/Versions/A/IOAccelerator
0x000000000180a000 	/System/Library/PrivateFrameworks/IOPresentment.framework/Versions/A/IOPresentment
0x000000000180a000 	/System/Library/PrivateFrameworks/DSExternalDisplay.framework/Versions/A/DSExternalDisplay
0x000000000180a000 	/System/Library/Frameworks/OpenGL.framework/Versions/A/Libraries/libCoreFSCache.dylib
0x000000000180a000 	/System/Library/Frameworks/CoreVideo.framework/Versions/A/CoreVideo
0x000000000180a000 	/System/Library/PrivateFrameworks/GraphVisualizer.framework/Versions/A/GraphVisualizer
0x000000000180a000 	/System/Library/Frameworks/MetalPerformanceShaders.framework/Versions/A/MetalPerformanceShaders
0x000000000180a000 	/usr/lib/libFosl_dynamic.dylib
0x000000000180a000 	/System/Library/PrivateFrameworks/FaceCore.framework/Versions/A/FaceCore
0x000000000180a000 	/System/Library/Frameworks/OpenCL.framework/Versions/A/OpenCL
0x000000000180a000 	/usr/lib/libcompression.dylib
0x000000000180a000 	/System/Library/Frameworks/ApplicationServices.framework/Versions/A/Frameworks/ATS.framework/Versions/A/Resources/libFontParser.dylib
0x000000000180a000 	/System/Library/Frameworks/ApplicationServices.framework/Versions/A/Frameworks/ATS.framework/Versions/A/Resources/libFontRegistry.dylib
0x000000000180a000 	/System/Library/Frameworks/ImageIO.framework/Versions/A/Resources/libJPEG.dylib
0x000000000180a000 	/System/Library/Frameworks/ImageIO.framework/Versions/A/Resources/libTIFF.dylib
0x000000000180a000 	/System/Library/Frameworks/ImageIO.framework/Versions/A/Resources/libPng.dylib
0x000000000180a000 	/System/Library/Frameworks/ImageIO.framework/Versions/A/Resources/libGIF.dylib
0x000000000180a000 	/System/Library/Frameworks/ImageIO.framework/Versions/A/Resources/libJP2.dylib
0x000000000180a000 	/System/Library/Frameworks/ImageIO.framework/Versions/A/Resources/libRadiance.dylib
0x000000000180a000 	/System/Library/PrivateFrameworks/AppleJPEG.framework/Versions/A/AppleJPEG
0x000000000180a000 	/System/Library/PrivateFrameworks/MetalTools.framework/Versions/A/MetalTools
0x000000000180a000 	/System/Library/Frameworks/MetalPerformanceShaders.framework/Frameworks/MPSCore.framework/Versions/A/MPSCore
0x000000000180a000 	/System/Library/Frameworks/MetalPerformanceShaders.framework/Frameworks/MPSImage.framework/Versions/A/MPSImage
0x000000000180a000 	/System/Library/Frameworks/MetalPerformanceShaders.framework/Frameworks/MPSMatrix.framework/Versions/A/MPSMatrix
0x000000000180a000 	/System/Library/Frameworks/MetalPerformanceShaders.framework/Frameworks/MPSNeuralNetwork.framework/Versions/A/MPSNeuralNetwork
0x000000000180a000 	/System/Library/Frameworks/OpenGL.framework/Versions/A/Libraries/libGLU.dylib
0x000000000180a000 	/System/Library/Frameworks/OpenGL.framework/Versions/A/Libraries/libGFXShared.dylib
0x000000000180a000 	/System/Library/Frameworks/OpenGL.framework/Versions/A/Libraries/libGL.dylib
0x000000000180a000 	/System/Library/Frameworks/OpenGL.framework/Versions/A/Libraries/libGLImage.dylib
0x000000000180a000 	/System/Library/Frameworks/OpenGL.framework/Versions/A/Libraries/libCVMSPluginSupport.dylib
0x000000000180a000 	/System/Library/Frameworks/OpenGL.framework/Versions/A/Libraries/libCoreVMClient.dylib
0x000000000180a000 	/usr/lib/libcups.2.dylib
0x000000000180a000 	/System/Library/Frameworks/Kerberos.framework/Versions/A/Kerberos
0x000000000180a000 	/System/Library/Frameworks/GSS.framework/Versions/A/GSS
0x000000000180a000 	/usr/lib/libresolv.9.dylib
0x000000000180a000 	/usr/lib/libiconv.2.dylib
0x000000000180a000 	/System/Library/PrivateFrameworks/Heimdal.framework/Versions/A/Heimdal
0x000000000180a000 	/usr/lib/libheimdal-asn1.dylib
0x000000000180a000 	/System/Library/Frameworks/OpenDirectory.framework/Versions/A/OpenDirectory
0x000000000180a000 	/System/Library/PrivateFrameworks/CommonAuth.framework/Versions/A/CommonAuth
0x000000000180a000 	/System/Library/Frameworks/OpenDirectory.framework/Versions/A/Frameworks/CFOpenDirectory.framework/Versions/A/CFOpenDirectory
0x000000000180a000 	/System/Library/Frameworks/SecurityFoundation.framework/Versions/A/SecurityFoundation
0x000000000180a000 	/System/Library/PrivateFrameworks/APFS.framework/Versions/A/APFS
0x000000000180a000 	/usr/lib/libutil.dylib
0x000000000180a000 	/System/Library/PrivateFrameworks/AppleSauce.framework/Versions/A/AppleSauce
0x000000000180a000 	/System/Library/PrivateFrameworks/LinguisticData.framework/Versions/A/LinguisticData
0x000000000180a000 	/usr/lib/libmarisa.dylib
0x000000000180a000 	/System/Library/PrivateFrameworks/Lexicon.framework/Versions/A/Lexicon
0x000000000180a000 	/usr/lib/libChineseTokenizer.dylib
0x000000000180a000 	/usr/lib/libcmph.dylib
0x000000000180a000 	/System/Library/PrivateFrameworks/LanguageModeling.framework/Versions/A/LanguageModeling
0x000000000180a000 	/System/Library/PrivateFrameworks/CoreEmoji.framework/Versions/A/CoreEmoji
0x000000000180a000 	/System/Library/Frameworks/ServiceManagement.framework/Versions/A/ServiceManagement
0x000000000180a000 	/System/Library/PrivateFrameworks/BackgroundTaskManagement.framework/Versions/A/BackgroundTaskManagement
0x000000000180a000 	/usr/lib/libxslt.1.dylib
0x000000000180a000 	/System/Library/Frameworks/Carbon.framework/Versions/A/Frameworks/Ink.framework/Versions/A/Ink
0x000000000180a000 	/System/Library/PrivateFrameworks/TextureIO.framework/Versions/A/TextureIO
0x000000000180a000 	/usr/lib/libate.dylib
0x000000000180a000 	/System/Library/PrivateFrameworks/CrashReporterSupport.framework/Versions/A/CrashReporterSupport
0x000000000180a000 	/System/Library/PrivateFrameworks/Sharing.framework/Versions/A/Sharing
0x000000000180a000 	/System/Library/PrivateFrameworks/IconServices.framework/Versions/A/IconServices
0x000000000180a000 	/System/Library/PrivateFrameworks/ProtocolBuffer.framework/Versions/A/ProtocolBuffer
0x000000000180a000 	/System/Library/PrivateFrameworks/Apple80211.framework/Versions/A/Apple80211
0x000000000180a000 	/System/Library/Frameworks/CoreWLAN.framework/Versions/A/CoreWLAN
0x000000000180a000 	/System/Library/PrivateFrameworks/CoreUtils.framework/Versions/A/CoreUtils
0x000000000180a000 	/System/Library/Frameworks/IOBluetooth.framework/Versions/A/IOBluetooth
0x000000000180a000 	/System/Library/PrivateFrameworks/CoreWiFi.framework/Versions/A/CoreWiFi
0x000000000180a000 	/System/Library/Frameworks/CoreBluetooth.framework/Versions/A/CoreBluetooth
0x000000000180a000 	/System/Library/PrivateFrameworks/SignpostNotification.framework/Versions/A/SignpostNotification
0x000000000180a000 	/System/Library/PrivateFrameworks/DebugSymbols.framework/Versions/A/DebugSymbols
0x000000000180a000 	/System/Library/PrivateFrameworks/CoreSymbolication.framework/Versions/A/CoreSymbolication
0x000000000180a000 	/System/Library/PrivateFrameworks/Symbolication.framework/Versions/A/Symbolication
0x000000000180a000 	/System/Library/PrivateFrameworks/AppleFSCompression.framework/Versions/A/AppleFSCompression
0x000000000180a000 	/System/Library/PrivateFrameworks/SpeechRecognitionCore.framework/Versions/A/SpeechRecognitionCore
0x00000001010e0000 	/Library/Java/JavaVirtualMachines/jdk1.8.0_91.jdk/Contents/Home/jre/lib/server/libjvm.dylib
0x000000000180a000 	/usr/lib/libstdc++.6.0.9.dylib
0x0000000100dd6000 	/Library/Java/JavaVirtualMachines/jdk1.8.0_91.jdk/Contents/Home/jre/lib/libverify.dylib
0x0000000100de4000 	/Library/Java/JavaVirtualMachines/jdk1.8.0_91.jdk/Contents/Home/jre/lib/libjava.dylib
0x0000000100e1a000 	/Library/Java/JavaVirtualMachines/jdk1.8.0_91.jdk/Contents/Home/jre/lib/libjdwp.dylib
0x0000000100e65000 	/Library/Java/JavaVirtualMachines/jdk1.8.0_91.jdk/Contents/Home/jre/lib/libnpt.dylib
0x0000000100eb2000 	/Library/Java/JavaVirtualMachines/jdk1.8.0_91.jdk/Contents/Home/jre/lib/libzip.dylib
0x000000000180a000 	/System/Library/Frameworks/JavaVM.framework/Versions/A/Frameworks/JavaRuntimeSupport.framework/Versions/A/JavaRuntimeSupport
0x000000000180a000 	/System/Library/Frameworks/JavaVM.framework/Versions/A/Frameworks/JavaNativeFoundation.framework/Versions/A/JavaNativeFoundation
0x000000000180a000 	/System/Library/Frameworks/JavaVM.framework/Versions/A/JavaVM
0x000000000180a000 	/System/Library/Frameworks/Carbon.framework/Versions/A/Carbon
0x000000000180a000 	/System/Library/PrivateFrameworks/JavaLaunching.framework/Versions/A/JavaLaunching
0x000000000180a000 	/System/Library/Frameworks/Carbon.framework/Versions/A/Frameworks/CommonPanels.framework/Versions/A/CommonPanels
0x000000000180a000 	/System/Library/Frameworks/Carbon.framework/Versions/A/Frameworks/Help.framework/Versions/A/Help
0x000000000180a000 	/System/Library/Frameworks/Carbon.framework/Versions/A/Frameworks/ImageCapture.framework/Versions/A/ImageCapture
0x000000000180a000 	/System/Library/Frameworks/Carbon.framework/Versions/A/Frameworks/OpenScripting.framework/Versions/A/OpenScripting
0x000000000180a000 	/System/Library/Frameworks/Carbon.framework/Versions/A/Frameworks/Print.framework/Versions/A/Print
0x000000000180a000 	/System/Library/Frameworks/Carbon.framework/Versions/A/Frameworks/SecurityHI.framework/Versions/A/SecurityHI
0x0000000101036000 	/Library/Java/JavaVirtualMachines/jdk1.8.0_91.jdk/Contents/Home/jre/lib/libdt_socket.dylib

VM Arguments:
jvm_args: -agentlib:jdwp=transport=dt_socket,suspend=y,address=localhost:52220 -Dfile.encoding=UTF-8 
java_command: transp_lp_solve
java_class_path (initial): /Users/beatrizsantiago/git/gametheory/FCTPClient/build/classes:/Users/beatrizsantiago/git/gametheory/FCTPClient/ImportedClasses:/Users/beatrizsantiago/Documents/Mestrado/GameTheory/Jogo/GLPKSolverPack.jar:/Users/beatrizsantiago/Documents/Mestrado/GameTheory/Jogo/SCPSolver.jar
Launcher Type: SUN_STANDARD

Environment Variables:
PATH=/usr/bin:/bin:/usr/sbin:/sbin
SHELL=/bin/bash

Signal Handlers:
SIGSEGV: [libjvm.dylib+0x5a97a1], sa_mask[0]=11111111011111110111111111111111, sa_flags=SA_ONSTACK|SA_RESTART|SA_SIGINFO
SIGBUS: [libjvm.dylib+0x5a97a1], sa_mask[0]=11111111011111110111111111111111, sa_flags=SA_RESTART|SA_SIGINFO
SIGFPE: [libjvm.dylib+0x482594], sa_mask[0]=11111111011111110111111111111111, sa_flags=SA_RESTART|SA_SIGINFO
SIGPIPE: [libjvm.dylib+0x482594], sa_mask[0]=11111111011111110111111111111111, sa_flags=SA_RESTART|SA_SIGINFO
SIGXFSZ: [libjvm.dylib+0x482594], sa_mask[0]=11111111011111110111111111111111, sa_flags=SA_RESTART|SA_SIGINFO
SIGILL: [libjvm.dylib+0x482594], sa_mask[0]=11111111011111110111111111111111, sa_flags=SA_RESTART|SA_SIGINFO
SIGUSR1: SIG_DFL, sa_mask[0]=00000000000000000000000000000000, sa_flags=none
SIGUSR2: [libjvm.dylib+0x4820b2], sa_mask[0]=00100000000000000000000000000000, sa_flags=SA_RESTART|SA_SIGINFO
SIGHUP: [libjvm.dylib+0x480689], sa_mask[0]=11111111011111110111111111111111, sa_flags=SA_RESTART|SA_SIGINFO
SIGINT: [libjvm.dylib+0x480689], sa_mask[0]=11111111011111110111111111111111, sa_flags=SA_RESTART|SA_SIGINFO
SIGTERM: [libjvm.dylib+0x480689], sa_mask[0]=11111111011111110111111111111111, sa_flags=SA_RESTART|SA_SIGINFO
SIGQUIT: [libjvm.dylib+0x480689], sa_mask[0]=11111111011111110111111111111111, sa_flags=SA_RESTART|SA_SIGINFO


---------------  S Y S T E M  ---------------

OS:Bsduname:Darwin 17.2.0 Darwin Kernel Version 17.2.0: Fri Sep 29 18:27:05 PDT 2017; root:xnu-4570.20.62~3/RELEASE_X86_64 x86_64
rlimit: STACK 8192k, CORE 0k, NPROC 709, NOFILE 10240, AS infinity
load average:1.64 1.97 2.01

CPU:total 4 (2 cores per cpu, 2 threads per core) family 6 model 61 stepping 4, cmov, cx8, fxsr, mmx, sse, sse2, sse3, ssse3, sse4.1, sse4.2, popcnt, avx, avx2, aes, clmul, erms, 3dnowpref, lzcnt, ht, tsc, tscinvbit, bmi1, bmi2, adx

Memory: 4k page, physical 8388608k(1337744k free)

/proc/meminfo:


vm_info: Java HotSpot(TM) 64-Bit Server VM (25.91-b14) for bsd-amd64 JRE (1.8.0_91-b14), built on Apr  1 2016 01:03:00 by "java_re" with gcc 4.2.1 (Based on Apple Inc. build 5658) (LLVM build 2336.11.00)

time: Tue Jun  5 16:11:23 2018
elapsed time: 6804 seconds (0d 1h 53m 24s)

