#
# A fatal error has been detected by the Java Runtime Environment:
#
#  SIGSEGV (0xb) at pc=0x0000000107e48358, pid=2008, tid=16647
#
# JRE version: Java(TM) SE Runtime Environment (8.0_91-b14) (build 1.8.0_91-b14)
# Java VM: Java HotSpot(TM) 64-Bit Server VM (25.91-b14 mixed mode bsd-amd64 compressed oops)
# Problematic frame:
# V  [libjvm.dylib+0x448358]  Method::checked_resolve_jmethod_id(_jmethodID*)+0xe
#
# Failed to write core dump. Core dumps have been disabled. To enable core dumping, try "ulimit -c unlimited" before starting Java again
#
# If you would like to submit a bug report, please visit:
#   http://bugreport.java.com/bugreport/crash.jsp
#

---------------  T H R E A D  ---------------

Current thread (0x00007feefc824800):  JavaThread "JDWP Transport Listener: dt_socket" daemon [_thread_in_vm, id=16647, stack(0x0000700007422000,0x0000700007522000)]

siginfo: si_signo: 11 (SIGSEGV), si_code: 0 (unknown), si_addr: 0x0000000000000000

Registers:
RAX=0x0000000000000001, RBX=0x0000700007521a8b, RCX=0x0000000108218340, RDX=0x0000700007521a8b
RSP=0x00007000075219d0, RBP=0x00007000075219e0, RSI=0x00007feefc824800, RDI=0x3b003b003b746e65
R8 =0x0000000000000000, R9 =0x00007feefc72c040, R10=0x000007feefc72a3a, R11=0x0000000000000001
R12=0x00007feefc824800, R13=0x3b003b003b746e65, R14=0x3b003b003b746e65, R15=0x00007feefc703dd0
RIP=0x0000000107e48358, EFLAGS=0x0000000000010206, ERR=0x0000000000000000
  TRAPNO=0x000000000000000d

Top of Stack: (sp=0x00007000075219d0)
0x00007000075219d0:   0000700007521a8b 0000700007521a8b
0x00007000075219e0:   0000700007521a40 0000000107d57316
0x00007000075219f0:   00007feefc824800 0000000000000000
0x0000700007521a00:   0000000000000000 0000000000000000
0x0000700007521a10:   00007feefc824800 00007feefc824800
0x0000700007521a20:   0000700007521a8b 0000700007521a90
0x0000700007521a30:   3b003b003b746e65 0000000000000004
0x0000700007521a40:   0000700007521a60 0000000107182780
0x0000700007521a50:   0000000000000001 0000700007521b08
0x0000700007521a60:   0000700007521ad0 00000001071671f3
0x0000700007521a70:   0000700007521aa0 00007feefc72d480
0x0000700007521a80:   0000000500000032 0000000900521b08
0x0000700007521a90:   0000000000000000 0000000000000000
0x0000700007521aa0:   0000000000000000 0000700007521c90
0x0000700007521ab0:   0000000107189e7a 00007feefc419ae0
0x0000700007521ac0:   0000700007521b08 0000000107195598
0x0000700007521ad0:   0000700007521ae0 00000001071672ec
0x0000700007521ae0:   0000700007521d00 0000000107170898
0x0000700007521af0:   00000f9500000013 00000000000f0200
0x0000700007521b00:   00007feefc414f70 0000700007521c0b
0x0000700007521b10:   0000000000000079 0000700007521b20
0x0000700007521b20:   00000100000000b3 0000700007521b58
0x0000700007521b30:   0000000000000000 00007f0000000000
0x0000700007521b40:   00000f950000001c 00007fee0000ea80
0x0000700007521b50:   0000700007521b58 ee7f000005000000
0x0000700007521b60:   0a000000480762fc 7375635f636c6163
0x0000700007521b70:   5b28070000006f74 0000004429445b44
0x0000700007521b80:   7f00000a00000000 00000050fd52fcee
0x0000700007521b90:   74616d5f7864690b 0700000063657632
0x0000700007521ba0:   0049294949494928 000a000000000000
0x0000700007521bb0:   0058fd52fcee7f00 765f7864690b0000
0x0000700007521bc0:   000074616d326365 5b29494949280700 

Instructions: (pc=0x0000000107e48358)
0x0000000107e48338:   40 48 48 85 c0 75 e0 30 c0 0f b6 c0 5d c3 31 c0
0x0000000107e48348:   5d c3 55 48 89 e5 53 48 83 ec 08 48 85 ff 74 24
0x0000000107e48358:   48 8b 1f 48 85 db 74 1c 48 83 fb 37 74 16 48 8b
0x0000000107e48368:   03 48 89 df ff 50 10 84 c0 b8 00 00 00 00 48 0f 

Register to memory mapping:

RAX=0x0000000000000001 is an unknown value
RBX=0x0000700007521a8b is pointing into the stack for thread: 0x00007feefc824800
RCX=0x0000000108218340: UseMembar+0 in /Library/Java/JavaVirtualMachines/jdk1.8.0_91.jdk/Contents/Home/jre/lib/server/libjvm.dylib at 0x0000000107a00000
RDX=0x0000700007521a8b is pointing into the stack for thread: 0x00007feefc824800
RSP=0x00007000075219d0 is pointing into the stack for thread: 0x00007feefc824800
RBP=0x00007000075219e0 is pointing into the stack for thread: 0x00007feefc824800
RSI=0x00007feefc824800 is a thread
RDI=0x3b003b003b746e65 is an unknown value
R8 =0x0000000000000000 is an unknown value
R9 =0x00007feefc72c040 is an unknown value
R10=0x000007feefc72a3a is an unknown value
R11=0x0000000000000001 is an unknown value
R12=0x00007feefc824800 is a thread
R13=0x3b003b003b746e65 is an unknown value
R14=0x3b003b003b746e65 is an unknown value
R15=0x00007feefc703dd0 is an unknown value


Stack: [0x0000700007422000,0x0000700007522000],  sp=0x00007000075219d0,  free space=1022k
Native frames: (J=compiled Java code, j=interpreted, Vv=VM code, C=native code)
V  [libjvm.dylib+0x448358]  Method::checked_resolve_jmethod_id(_jmethodID*)+0xe
V  [libjvm.dylib+0x357316]  jvmti_IsMethodSynthetic+0xb2
C  [libjdwp.dylib+0x20780]  isMethodSynthetic+0x63
C  [libjdwp.dylib+0x51f3]  methods1+0x10b
C  [libjdwp.dylib+0x52ec]  methodsWithGeneric+0xe
C  [libjdwp.dylib+0xe898]  debugLoop_run+0x1ce
C  [libjdwp.dylib+0x1f6ba]  attachThread+0x4d
V  [libjvm.dylib+0x39867c]  JvmtiAgentThread::call_start_function()+0x38
V  [libjvm.dylib+0x563d17]  JavaThread::thread_main_inner()+0x9b
V  [libjvm.dylib+0x565412]  JavaThread::run()+0x1c2
V  [libjvm.dylib+0x484f82]  java_start(Thread*)+0xf6
C  [libsystem_pthread.dylib+0x36c1]  _pthread_body+0x154
C  [libsystem_pthread.dylib+0x356d]  _pthread_body+0x0
C  [libsystem_pthread.dylib+0x2c5d]  thread_start+0xd
C  0x0000000000000000


---------------  P R O C E S S  ---------------

Java Threads: ( => current thread )
  0x00007feefd83f800 JavaThread "Service Thread" daemon [_thread_blocked, id=19715, stack(0x0000700007a34000,0x0000700007b34000)]
  0x00007feefd834800 JavaThread "C1 CompilerThread2" daemon [_thread_blocked, id=19203, stack(0x0000700007931000,0x0000700007a31000)]
  0x00007feefd833800 JavaThread "C2 CompilerThread1" daemon [_thread_blocked, id=18691, stack(0x000070000782e000,0x000070000792e000)]
  0x00007feefd815800 JavaThread "C2 CompilerThread0" daemon [_thread_blocked, id=18179, stack(0x000070000772b000,0x000070000782b000)]
  0x00007feefc82e000 JavaThread "JDWP Command Reader" daemon [_thread_in_native, id=17667, stack(0x0000700007628000,0x0000700007728000)]
  0x00007feefc825800 JavaThread "JDWP Event Helper Thread" daemon [_thread_blocked, id=17155, stack(0x0000700007525000,0x0000700007625000)]
=>0x00007feefc824800 JavaThread "JDWP Transport Listener: dt_socket" daemon [_thread_in_vm, id=16647, stack(0x0000700007422000,0x0000700007522000)]
  0x00007feefe039800 JavaThread "Signal Dispatcher" daemon [_thread_blocked, id=16135, stack(0x000070000731f000,0x000070000741f000)]
  0x00007feefd01d000 JavaThread "Finalizer" daemon [_thread_blocked, id=12803, stack(0x000070000721c000,0x000070000731c000)]
  0x00007feefd014800 JavaThread "Reference Handler" daemon [_thread_blocked, id=12291, stack(0x0000700007119000,0x0000700007219000)]
  0x00007feefd002800 JavaThread "main" [_thread_blocked, id=6403, stack(0x0000700006b07000,0x0000700006c07000)]

Other Threads:
  0x00007feefd012000 VMThread [stack: 0x0000700007016000,0x0000700007116000] [id=11779]
  0x00007feefe000800 WatcherThread [stack: 0x0000700007b37000,0x0000700007c37000] [id=20227]

VM state:not at safepoint (normal execution)

VM Mutex/Monitor currently owned by a thread: None

Heap:
 PSYoungGen      total 38400K, used 7322K [0x0000000795580000, 0x0000000798000000, 0x00000007c0000000)
  eden space 33280K, 22% used [0x0000000795580000,0x0000000795ca69b8,0x0000000797600000)
  from space 5120K, 0% used [0x0000000797b00000,0x0000000797b00000,0x0000000798000000)
  to   space 5120K, 0% used [0x0000000797600000,0x0000000797600000,0x0000000797b00000)
 ParOldGen       total 87552K, used 0K [0x0000000740000000, 0x0000000745580000, 0x0000000795580000)
  object space 87552K, 0% used [0x0000000740000000,0x0000000740000000,0x0000000745580000)
 Metaspace       used 4156K, capacity 5088K, committed 5376K, reserved 1056768K
  class space    used 418K, capacity 464K, committed 512K, reserved 1048576K

Card table byte_map: [0x0000000108d5d000,0x000000010915e000] byte_map_base: 0x000000010535d000

Marking Bits: (ParMarkBitMap*) 0x00000001082e6eb0
 Begin Bits: [0x0000000109409000, 0x000000010b409000)
 End Bits:   [0x000000010b409000, 0x000000010d409000)

Polling page: 0x0000000107161000

CodeCache: size=245760Kb used=1770Kb max_used=1778Kb free=243989Kb
 bounds [0x0000000114303000, 0x0000000114573000, 0x0000000123303000]
 total_blobs=485 nmethods=248 adapters=159
 compilation: enabled

Compilation events (10 events):
Event: 146.846 Thread 0x00007feefd834800  244       3       java.lang.StringBuilder::append (9 bytes)
Event: 146.847 Thread 0x00007feefd834800 nmethod 244 0x00000001144a5390 code [0x00000001144a5520, 0x00000001144a5918]
Event: 146.847 Thread 0x00007feefd834800  245   !   3       java.util.AbstractList$Itr::next (45 bytes)
Event: 146.847 Thread 0x00007feefd834800 nmethod 245 0x00000001144a8950 code [0x00000001144a8b40, 0x00000001144a9178]
Event: 149.948 Thread 0x00007feefd834800  246       3       java.util.Arrays$ArrayList::get (7 bytes)
Event: 149.949 Thread 0x00007feefd834800 nmethod 246 0x00000001144a8550 code [0x00000001144a86c0, 0x00000001144a8850]
Event: 149.949 Thread 0x00007feefd834800  247       3       java.util.AbstractList$Itr::hasNext (20 bytes)
Event: 149.950 Thread 0x00007feefd834800 nmethod 247 0x00000001144a8090 code [0x00000001144a8200, 0x00000001144a8488]
Event: 149.950 Thread 0x00007feefd834800  248       3       java.io.File::toString (5 bytes)
Event: 149.950 Thread 0x00007feefd834800 nmethod 248 0x00000001144a5010 code [0x00000001144a5180, 0x00000001144a52f0]

GC Heap History (0 events):
No events

Deoptimization events (0 events):
No events

Internal exceptions (9 events):
Event: 0.054 Thread 0x00007feefd002800 Exception <a 'java/lang/NoSuchMethodError': Method sun.misc.Unsafe.defineClass(Ljava/lang/String;[BII)Ljava/lang/Class; name or signature does not match> (0x0000000795587cc0) thrown at [/Users/java_re/workspace/8-2-build-macosx-x86_64/jdk8u91/6644/hotspot
Event: 0.054 Thread 0x00007feefd002800 Exception <a 'java/lang/NoSuchMethodError': Method sun.misc.Unsafe.prefetchRead(Ljava/lang/Object;J)V name or signature does not match> (0x0000000795587fa8) thrown at [/Users/java_re/workspace/8-2-build-macosx-x86_64/jdk8u91/6644/hotspot/src/share/vm/prim
Event: 0.266 Thread 0x00007feefd002800 Exception <a 'java/util/zip/ZipException'> (0x00000007955ebb10) thrown at [/Users/java_re/workspace/8-2-build-macosx-x86_64/jdk8u91/6644/hotspot/src/share/vm/prims/jni.cpp, line 709]
Event: 0.266 Thread 0x00007feefd002800 Exception <a 'java/security/PrivilegedActionException'> (0x00000007955ebdb0) thrown at [/Users/java_re/workspace/8-2-build-macosx-x86_64/jdk8u91/6644/hotspot/src/share/vm/prims/jvm.cpp, line 1386]
Event: 0.266 Thread 0x00007feefd002800 Exception <a 'java/security/PrivilegedActionException'> (0x00000007955ebfc0) thrown at [/Users/java_re/workspace/8-2-build-macosx-x86_64/jdk8u91/6644/hotspot/src/share/vm/prims/jvm.cpp, line 1386]
Event: 0.309 Thread 0x00007feefd002800 Exception <a 'java/security/PrivilegedActionException'> (0x00000007957af750) thrown at [/Users/java_re/workspace/8-2-build-macosx-x86_64/jdk8u91/6644/hotspot/src/share/vm/prims/jvm.cpp, line 1386]
Event: 0.309 Thread 0x00007feefd002800 Exception <a 'java/security/PrivilegedActionException'> (0x00000007957af960) thrown at [/Users/java_re/workspace/8-2-build-macosx-x86_64/jdk8u91/6644/hotspot/src/share/vm/prims/jvm.cpp, line 1386]
Event: 0.309 Thread 0x00007feefd002800 Exception <a 'java/security/PrivilegedActionException'> (0x00000007957b2de8) thrown at [/Users/java_re/workspace/8-2-build-macosx-x86_64/jdk8u91/6644/hotspot/src/share/vm/prims/jvm.cpp, line 1386]
Event: 0.309 Thread 0x00007feefd002800 Exception <a 'java/security/PrivilegedActionException'> (0x00000007957b2ff8) thrown at [/Users/java_re/workspace/8-2-build-macosx-x86_64/jdk8u91/6644/hotspot/src/share/vm/prims/jvm.cpp, line 1386]

Events (10 events):
Event: 5426.738 Executing VM operation: ChangeBreakpoints
Event: 5426.738 Executing VM operation: ChangeBreakpoints done
Event: 5475.895 Executing VM operation: RedefineClasses
Event: 5475.896 Executing VM operation: RedefineClasses done
Event: 5475.900 Executing VM operation: ChangeBreakpoints
Event: 5475.900 Executing VM operation: ChangeBreakpoints done
Event: 5475.904 Executing VM operation: ChangeBreakpoints
Event: 5475.904 Executing VM operation: ChangeBreakpoints done
Event: 6943.122 Executing VM operation: RedefineClasses
Event: 6943.124 Executing VM operation: RedefineClasses done


Dynamic libraries:
0x000000000180a000 	/System/Library/Frameworks/Cocoa.framework/Versions/A/Cocoa
0x000000000180a000 	/System/Library/Frameworks/Security.framework/Versions/A/Security
0x000000000180a000 	/System/Library/Frameworks/ApplicationServices.framework/Versions/A/ApplicationServices
0x000000000180a000 	/usr/lib/libz.1.dylib
0x000000000180a000 	/usr/lib/libSystem.B.dylib
0x000000000180a000 	/usr/lib/libobjc.A.dylib
0x000000000180a000 	/System/Library/Frameworks/CoreFoundation.framework/Versions/A/CoreFoundation
0x000000000180a000 	/System/Library/Frameworks/Foundation.framework/Versions/C/Foundation
0x000000000180a000 	/System/Library/Frameworks/AppKit.framework/Versions/C/AppKit
0x000000000180a000 	/System/Library/Frameworks/CoreData.framework/Versions/A/CoreData
0x000000000180a000 	/System/Library/PrivateFrameworks/RemoteViewServices.framework/Versions/A/RemoteViewServices
0x000000000180a000 	/System/Library/PrivateFrameworks/UIFoundation.framework/Versions/A/UIFoundation
0x000000000180a000 	/System/Library/PrivateFrameworks/DFRFoundation.framework/Versions/A/DFRFoundation
0x000000000180a000 	/System/Library/Frameworks/Metal.framework/Versions/A/Metal
0x000000000180a000 	/System/Library/PrivateFrameworks/DesktopServicesPriv.framework/Versions/A/DesktopServicesPriv
0x000000000180a000 	/usr/lib/libenergytrace.dylib
0x000000000180a000 	/System/Library/PrivateFrameworks/SkyLight.framework/Versions/A/SkyLight
0x000000000180a000 	/System/Library/Frameworks/CoreGraphics.framework/Versions/A/CoreGraphics
0x000000000180a000 	/usr/lib/libScreenReader.dylib
0x000000000180a000 	/System/Library/Frameworks/Accelerate.framework/Versions/A/Accelerate
0x000000000180a000 	/System/Library/Frameworks/IOSurface.framework/Versions/A/IOSurface
0x000000000180a000 	/System/Library/Frameworks/AudioToolbox.framework/Versions/A/AudioToolbox
0x000000000180a000 	/System/Library/Frameworks/AudioUnit.framework/Versions/A/AudioUnit
0x000000000180a000 	/System/Library/PrivateFrameworks/DataDetectorsCore.framework/Versions/A/DataDetectorsCore
0x000000000180a000 	/System/Library/Frameworks/Carbon.framework/Versions/A/Frameworks/HIToolbox.framework/Versions/A/HIToolbox
0x000000000180a000 	/usr/lib/libicucore.A.dylib
0x000000000180a000 	/System/Library/Frameworks/QuartzCore.framework/Versions/A/QuartzCore
0x000000000180a000 	/System/Library/Frameworks/Carbon.framework/Versions/A/Frameworks/SpeechRecognition.framework/Versions/A/SpeechRecognition
0x000000000180a000 	/usr/lib/libauto.dylib
0x000000000180a000 	/usr/lib/libxml2.2.dylib
0x000000000180a000 	/System/Library/PrivateFrameworks/CoreUI.framework/Versions/A/CoreUI
0x000000000180a000 	/System/Library/Frameworks/CoreAudio.framework/Versions/A/CoreAudio
0x000000000180a000 	/System/Library/Frameworks/DiskArbitration.framework/Versions/A/DiskArbitration
0x000000000180a000 	/usr/lib/liblangid.dylib
0x000000000180a000 	/System/Library/PrivateFrameworks/MultitouchSupport.framework/Versions/A/MultitouchSupport
0x000000000180a000 	/System/Library/Frameworks/IOKit.framework/Versions/A/IOKit
0x000000000180a000 	/usr/lib/libDiagnosticMessagesClient.dylib
0x000000000180a000 	/System/Library/Frameworks/CoreServices.framework/Versions/A/CoreServices
0x000000000180a000 	/System/Library/PrivateFrameworks/PerformanceAnalysis.framework/Versions/A/PerformanceAnalysis
0x000000000180a000 	/System/Library/Frameworks/OpenGL.framework/Versions/A/OpenGL
0x000000000180a000 	/System/Library/Frameworks/ColorSync.framework/Versions/A/ColorSync
0x000000000180a000 	/System/Library/Frameworks/CoreImage.framework/Versions/A/CoreImage
0x000000000180a000 	/System/Library/Frameworks/CoreText.framework/Versions/A/CoreText
0x000000000180a000 	/System/Library/Frameworks/ImageIO.framework/Versions/A/ImageIO
0x000000000180a000 	/System/Library/PrivateFrameworks/Backup.framework/Versions/A/Backup
0x000000000180a000 	/usr/lib/libarchive.2.dylib
0x000000000180a000 	/System/Library/Frameworks/CFNetwork.framework/Versions/A/CFNetwork
0x000000000180a000 	/System/Library/Frameworks/SystemConfiguration.framework/Versions/A/SystemConfiguration
0x000000000180a000 	/usr/lib/libCRFSuite.dylib
0x000000000180a000 	/usr/lib/libc++.1.dylib
0x000000000180a000 	/usr/lib/libc++abi.dylib
0x000000000180a000 	/usr/lib/system/libcache.dylib
0x000000000180a000 	/usr/lib/system/libcommonCrypto.dylib
0x000000000180a000 	/usr/lib/system/libcompiler_rt.dylib
0x000000000180a000 	/usr/lib/system/libcopyfile.dylib
0x000000000180a000 	/usr/lib/system/libcorecrypto.dylib
0x000000000180a000 	/usr/lib/system/libdispatch.dylib
0x000000000180a000 	/usr/lib/system/libdyld.dylib
0x000000000180a000 	/usr/lib/system/libkeymgr.dylib
0x000000000180a000 	/usr/lib/system/liblaunch.dylib
0x000000000180a000 	/usr/lib/system/libmacho.dylib
0x000000000180a000 	/usr/lib/system/libquarantine.dylib
0x000000000180a000 	/usr/lib/system/libremovefile.dylib
0x000000000180a000 	/usr/lib/system/libsystem_asl.dylib
0x000000000180a000 	/usr/lib/system/libsystem_blocks.dylib
0x000000000180a000 	/usr/lib/system/libsystem_c.dylib
0x000000000180a000 	/usr/lib/system/libsystem_configuration.dylib
0x000000000180a000 	/usr/lib/system/libsystem_coreservices.dylib
0x000000000180a000 	/usr/lib/system/libsystem_darwin.dylib
0x000000000180a000 	/usr/lib/system/libsystem_dnssd.dylib
0x000000000180a000 	/usr/lib/system/libsystem_info.dylib
0x000000000180a000 	/usr/lib/system/libsystem_m.dylib
0x000000000180a000 	/usr/lib/system/libsystem_malloc.dylib
0x000000000180a000 	/usr/lib/system/libsystem_network.dylib
0x000000000180a000 	/usr/lib/system/libsystem_networkextension.dylib
0x000000000180a000 	/usr/lib/system/libsystem_notify.dylib
0x000000000180a000 	/usr/lib/system/libsystem_sandbox.dylib
0x000000000180a000 	/usr/lib/system/libsystem_secinit.dylib
0x000000000180a000 	/usr/lib/system/libsystem_kernel.dylib
0x000000000180a000 	/usr/lib/system/libsystem_platform.dylib
0x000000000180a000 	/usr/lib/system/libsystem_pthread.dylib
0x000000000180a000 	/usr/lib/system/libsystem_symptoms.dylib
0x000000000180a000 	/usr/lib/system/libsystem_trace.dylib
0x000000000180a000 	/usr/lib/system/libunwind.dylib
0x000000000180a000 	/usr/lib/system/libxpc.dylib
0x000000000180a000 	/usr/lib/closure/libclosured.dylib
0x000000000180a000 	/usr/lib/libbsm.0.dylib
0x000000000180a000 	/usr/lib/system/libkxld.dylib
0x000000000180a000 	/usr/lib/libOpenScriptingUtil.dylib
0x000000000180a000 	/usr/lib/libcoretls.dylib
0x000000000180a000 	/usr/lib/libcoretls_cfhelpers.dylib
0x000000000180a000 	/usr/lib/libpam.2.dylib
0x000000000180a000 	/usr/lib/libsqlite3.dylib
0x000000000180a000 	/usr/lib/libxar.1.dylib
0x000000000180a000 	/usr/lib/libbz2.1.0.dylib
0x000000000180a000 	/usr/lib/liblzma.5.dylib
0x000000000180a000 	/usr/lib/libnetwork.dylib
0x000000000180a000 	/usr/lib/libapple_nghttp2.dylib
0x000000000180a000 	/usr/lib/libpcap.A.dylib
0x000000000180a000 	/usr/lib/libboringssl.dylib
0x000000000180a000 	/usr/lib/libusrtcp.dylib
0x000000000180a000 	/usr/lib/libapple_crypto.dylib
0x000000000180a000 	/System/Library/Frameworks/CoreServices.framework/Versions/A/Frameworks/FSEvents.framework/Versions/A/FSEvents
0x000000000180a000 	/System/Library/Frameworks/CoreServices.framework/Versions/A/Frameworks/CarbonCore.framework/Versions/A/CarbonCore
0x000000000180a000 	/System/Library/Frameworks/CoreServices.framework/Versions/A/Frameworks/Metadata.framework/Versions/A/Metadata
0x000000000180a000 	/System/Library/Frameworks/CoreServices.framework/Versions/A/Frameworks/OSServices.framework/Versions/A/OSServices
0x000000000180a000 	/System/Library/Frameworks/CoreServices.framework/Versions/A/Frameworks/SearchKit.framework/Versions/A/SearchKit
0x000000000180a000 	/System/Library/Frameworks/CoreServices.framework/Versions/A/Frameworks/AE.framework/Versions/A/AE
0x000000000180a000 	/System/Library/Frameworks/CoreServices.framework/Versions/A/Frameworks/LaunchServices.framework/Versions/A/LaunchServices
0x000000000180a000 	/System/Library/Frameworks/CoreServices.framework/Versions/A/Frameworks/DictionaryServices.framework/Versions/A/DictionaryServices
0x000000000180a000 	/System/Library/Frameworks/CoreServices.framework/Versions/A/Frameworks/SharedFileList.framework/Versions/A/SharedFileList
0x000000000180a000 	/System/Library/Frameworks/NetFS.framework/Versions/A/NetFS
0x000000000180a000 	/System/Library/PrivateFrameworks/NetAuth.framework/Versions/A/NetAuth
0x000000000180a000 	/System/Library/PrivateFrameworks/login.framework/Versions/A/Frameworks/loginsupport.framework/Versions/A/loginsupport
0x000000000180a000 	/System/Library/PrivateFrameworks/TCC.framework/Versions/A/TCC
0x000000000180a000 	/usr/lib/libmecabra.dylib
0x000000000180a000 	/System/Library/Frameworks/ApplicationServices.framework/Versions/A/Frameworks/ATS.framework/Versions/A/ATS
0x000000000180a000 	/System/Library/Frameworks/ApplicationServices.framework/Versions/A/Frameworks/ColorSyncLegacy.framework/Versions/A/ColorSyncLegacy
0x000000000180a000 	/System/Library/Frameworks/ApplicationServices.framework/Versions/A/Frameworks/HIServices.framework/Versions/A/HIServices
0x000000000180a000 	/System/Library/Frameworks/ApplicationServices.framework/Versions/A/Frameworks/LangAnalysis.framework/Versions/A/LangAnalysis
0x000000000180a000 	/System/Library/Frameworks/ApplicationServices.framework/Versions/A/Frameworks/PrintCore.framework/Versions/A/PrintCore
0x000000000180a000 	/System/Library/Frameworks/ApplicationServices.framework/Versions/A/Frameworks/QD.framework/Versions/A/QD
0x000000000180a000 	/System/Library/Frameworks/ApplicationServices.framework/Versions/A/Frameworks/SpeechSynthesis.framework/Versions/A/SpeechSynthesis
0x000000000180a000 	/System/Library/Frameworks/CoreDisplay.framework/Versions/A/CoreDisplay
0x000000000180a000 	/System/Library/Frameworks/Accelerate.framework/Versions/A/Frameworks/vImage.framework/Versions/A/vImage
0x000000000180a000 	/System/Library/Frameworks/Accelerate.framework/Versions/A/Frameworks/vecLib.framework/Versions/A/vecLib
0x000000000180a000 	/System/Library/Frameworks/Accelerate.framework/Versions/A/Frameworks/vecLib.framework/Versions/A/libvDSP.dylib
0x000000000180a000 	/System/Library/Frameworks/Accelerate.framework/Versions/A/Frameworks/vecLib.framework/Versions/A/libBNNS.dylib
0x000000000180a000 	/System/Library/Frameworks/Accelerate.framework/Versions/A/Frameworks/vecLib.framework/Versions/A/libQuadrature.dylib
0x000000000180a000 	/System/Library/Frameworks/Accelerate.framework/Versions/A/Frameworks/vecLib.framework/Versions/A/libvMisc.dylib
0x000000000180a000 	/System/Library/Frameworks/Accelerate.framework/Versions/A/Frameworks/vecLib.framework/Versions/A/libLAPACK.dylib
0x000000000180a000 	/System/Library/Frameworks/Accelerate.framework/Versions/A/Frameworks/vecLib.framework/Versions/A/libBLAS.dylib
0x000000000180a000 	/System/Library/Frameworks/Accelerate.framework/Versions/A/Frameworks/vecLib.framework/Versions/A/libLinearAlgebra.dylib
0x000000000180a000 	/System/Library/Frameworks/Accelerate.framework/Versions/A/Frameworks/vecLib.framework/Versions/A/libSparse.dylib
0x000000000180a000 	/System/Library/Frameworks/Accelerate.framework/Versions/A/Frameworks/vecLib.framework/Versions/A/libSparseBLAS.dylib
0x000000000180a000 	/System/Library/PrivateFrameworks/IOAccelerator.framework/Versions/A/IOAccelerator
0x000000000180a000 	/System/Library/PrivateFrameworks/IOPresentment.framework/Versions/A/IOPresentment
0x000000000180a000 	/System/Library/PrivateFrameworks/DSExternalDisplay.framework/Versions/A/DSExternalDisplay
0x000000000180a000 	/System/Library/Frameworks/OpenGL.framework/Versions/A/Libraries/libCoreFSCache.dylib
0x000000000180a000 	/System/Library/Frameworks/CoreVideo.framework/Versions/A/CoreVideo
0x000000000180a000 	/System/Library/PrivateFrameworks/GraphVisualizer.framework/Versions/A/GraphVisualizer
0x000000000180a000 	/System/Library/Frameworks/MetalPerformanceShaders.framework/Versions/A/MetalPerformanceShaders
0x000000000180a000 	/usr/lib/libFosl_dynamic.dylib
0x000000000180a000 	/System/Library/PrivateFrameworks/FaceCore.framework/Versions/A/FaceCore
0x000000000180a000 	/System/Library/Frameworks/OpenCL.framework/Versions/A/OpenCL
0x000000000180a000 	/usr/lib/libcompression.dylib
0x000000000180a000 	/System/Library/Frameworks/ApplicationServices.framework/Versions/A/Frameworks/ATS.framework/Versions/A/Resources/libFontParser.dylib
0x000000000180a000 	/System/Library/Frameworks/ApplicationServices.framework/Versions/A/Frameworks/ATS.framework/Versions/A/Resources/libFontRegistry.dylib
0x000000000180a000 	/System/Library/Frameworks/ImageIO.framework/Versions/A/Resources/libJPEG.dylib
0x000000000180a000 	/System/Library/Frameworks/ImageIO.framework/Versions/A/Resources/libTIFF.dylib
0x000000000180a000 	/System/Library/Frameworks/ImageIO.framework/Versions/A/Resources/libPng.dylib
0x000000000180a000 	/System/Library/Frameworks/ImageIO.framework/Versions/A/Resources/libGIF.dylib
0x000000000180a000 	/System/Library/Frameworks/ImageIO.framework/Versions/A/Resources/libJP2.dylib
0x000000000180a000 	/System/Library/Frameworks/ImageIO.framework/Versions/A/Resources/libRadiance.dylib
0x000000000180a000 	/System/Library/PrivateFrameworks/AppleJPEG.framework/Versions/A/AppleJPEG
0x000000000180a000 	/System/Library/PrivateFrameworks/MetalTools.framework/Versions/A/MetalTools
0x000000000180a000 	/System/Library/Frameworks/MetalPerformanceShaders.framework/Frameworks/MPSCore.framework/Versions/A/MPSCore
0x000000000180a000 	/System/Library/Frameworks/MetalPerformanceShaders.framework/Frameworks/MPSImage.framework/Versions/A/MPSImage
0x000000000180a000 	/System/Library/Frameworks/MetalPerformanceShaders.framework/Frameworks/MPSMatrix.framework/Versions/A/MPSMatrix
0x000000000180a000 	/System/Library/Frameworks/MetalPerformanceShaders.framework/Frameworks/MPSNeuralNetwork.framework/Versions/A/MPSNeuralNetwork
0x000000000180a000 	/System/Library/Frameworks/OpenGL.framework/Versions/A/Libraries/libGLU.dylib
0x000000000180a000 	/System/Library/Frameworks/OpenGL.framework/Versions/A/Libraries/libGFXShared.dylib
0x000000000180a000 	/System/Library/Frameworks/OpenGL.framework/Versions/A/Libraries/libGL.dylib
0x000000000180a000 	/System/Library/Frameworks/OpenGL.framework/Versions/A/Libraries/libGLImage.dylib
0x000000000180a000 	/System/Library/Frameworks/OpenGL.framework/Versions/A/Libraries/libCVMSPluginSupport.dylib
0x000000000180a000 	/System/Library/Frameworks/OpenGL.framework/Versions/A/Libraries/libCoreVMClient.dylib
0x000000000180a000 	/usr/lib/libcups.2.dylib
0x000000000180a000 	/System/Library/Frameworks/Kerberos.framework/Versions/A/Kerberos
0x000000000180a000 	/System/Library/Frameworks/GSS.framework/Versions/A/GSS
0x000000000180a000 	/usr/lib/libresolv.9.dylib
0x000000000180a000 	/usr/lib/libiconv.2.dylib
0x000000000180a000 	/System/Library/PrivateFrameworks/Heimdal.framework/Versions/A/Heimdal
0x000000000180a000 	/usr/lib/libheimdal-asn1.dylib
0x000000000180a000 	/System/Library/Frameworks/OpenDirectory.framework/Versions/A/OpenDirectory
0x000000000180a000 	/System/Library/PrivateFrameworks/CommonAuth.framework/Versions/A/CommonAuth
0x000000000180a000 	/System/Library/Frameworks/OpenDirectory.framework/Versions/A/Frameworks/CFOpenDirectory.framework/Versions/A/CFOpenDirectory
0x000000000180a000 	/System/Library/Frameworks/SecurityFoundation.framework/Versions/A/SecurityFoundation
0x000000000180a000 	/System/Library/PrivateFrameworks/APFS.framework/Versions/A/APFS
0x000000000180a000 	/usr/lib/libutil.dylib
0x000000000180a000 	/System/Library/PrivateFrameworks/AppleSauce.framework/Versions/A/AppleSauce
0x000000000180a000 	/System/Library/PrivateFrameworks/LinguisticData.framework/Versions/A/LinguisticData
0x000000000180a000 	/usr/lib/libmarisa.dylib
0x000000000180a000 	/System/Library/PrivateFrameworks/Lexicon.framework/Versions/A/Lexicon
0x000000000180a000 	/usr/lib/libChineseTokenizer.dylib
0x000000000180a000 	/usr/lib/libcmph.dylib
0x000000000180a000 	/System/Library/PrivateFrameworks/LanguageModeling.framework/Versions/A/LanguageModeling
0x000000000180a000 	/System/Library/PrivateFrameworks/CoreEmoji.framework/Versions/A/CoreEmoji
0x000000000180a000 	/System/Library/Frameworks/ServiceManagement.framework/Versions/A/ServiceManagement
0x000000000180a000 	/System/Library/PrivateFrameworks/BackgroundTaskManagement.framework/Versions/A/BackgroundTaskManagement
0x000000000180a000 	/usr/lib/libxslt.1.dylib
0x000000000180a000 	/System/Library/Frameworks/Carbon.framework/Versions/A/Frameworks/Ink.framework/Versions/A/Ink
0x000000000180a000 	/System/Library/PrivateFrameworks/TextureIO.framework/Versions/A/TextureIO
0x000000000180a000 	/usr/lib/libate.dylib
0x000000000180a000 	/System/Library/PrivateFrameworks/CrashReporterSupport.framework/Versions/A/CrashReporterSupport
0x000000000180a000 	/System/Library/PrivateFrameworks/Sharing.framework/Versions/A/Sharing
0x000000000180a000 	/System/Library/PrivateFrameworks/IconServices.framework/Versions/A/IconServices
0x000000000180a000 	/System/Library/PrivateFrameworks/ProtocolBuffer.framework/Versions/A/ProtocolBuffer
0x000000000180a000 	/System/Library/PrivateFrameworks/Apple80211.framework/Versions/A/Apple80211
0x000000000180a000 	/System/Library/Frameworks/CoreWLAN.framework/Versions/A/CoreWLAN
0x000000000180a000 	/System/Library/PrivateFrameworks/CoreUtils.framework/Versions/A/CoreUtils
0x000000000180a000 	/System/Library/Frameworks/IOBluetooth.framework/Versions/A/IOBluetooth
0x000000000180a000 	/System/Library/PrivateFrameworks/CoreWiFi.framework/Versions/A/CoreWiFi
0x000000000180a000 	/System/Library/Frameworks/CoreBluetooth.framework/Versions/A/CoreBluetooth
0x000000000180a000 	/System/Library/PrivateFrameworks/SignpostNotification.framework/Versions/A/SignpostNotification
0x000000000180a000 	/System/Library/PrivateFrameworks/DebugSymbols.framework/Versions/A/DebugSymbols
0x000000000180a000 	/System/Library/PrivateFrameworks/CoreSymbolication.framework/Versions/A/CoreSymbolication
0x000000000180a000 	/System/Library/PrivateFrameworks/Symbolication.framework/Versions/A/Symbolication
0x000000000180a000 	/System/Library/PrivateFrameworks/AppleFSCompression.framework/Versions/A/AppleFSCompression
0x000000000180a000 	/System/Library/PrivateFrameworks/SpeechRecognitionCore.framework/Versions/A/SpeechRecognitionCore
0x0000000107a00000 	/Library/Java/JavaVirtualMachines/jdk1.8.0_91.jdk/Contents/Home/jre/lib/server/libjvm.dylib
0x000000000180a000 	/usr/lib/libstdc++.6.0.9.dylib
0x000000010711e000 	/Library/Java/JavaVirtualMachines/jdk1.8.0_91.jdk/Contents/Home/jre/lib/libverify.dylib
0x000000010712c000 	/Library/Java/JavaVirtualMachines/jdk1.8.0_91.jdk/Contents/Home/jre/lib/libjava.dylib
0x0000000107162000 	/Library/Java/JavaVirtualMachines/jdk1.8.0_91.jdk/Contents/Home/jre/lib/libjdwp.dylib
0x00000001071ad000 	/Library/Java/JavaVirtualMachines/jdk1.8.0_91.jdk/Contents/Home/jre/lib/libnpt.dylib
0x0000000108994000 	/Library/Java/JavaVirtualMachines/jdk1.8.0_91.jdk/Contents/Home/jre/lib/libzip.dylib
0x000000000180a000 	/System/Library/Frameworks/JavaVM.framework/Versions/A/Frameworks/JavaRuntimeSupport.framework/Versions/A/JavaRuntimeSupport
0x000000000180a000 	/System/Library/Frameworks/JavaVM.framework/Versions/A/Frameworks/JavaNativeFoundation.framework/Versions/A/JavaNativeFoundation
0x000000000180a000 	/System/Library/Frameworks/JavaVM.framework/Versions/A/JavaVM
0x000000000180a000 	/System/Library/Frameworks/Carbon.framework/Versions/A/Carbon
0x000000000180a000 	/System/Library/PrivateFrameworks/JavaLaunching.framework/Versions/A/JavaLaunching
0x000000000180a000 	/System/Library/Frameworks/Carbon.framework/Versions/A/Frameworks/CommonPanels.framework/Versions/A/CommonPanels
0x000000000180a000 	/System/Library/Frameworks/Carbon.framework/Versions/A/Frameworks/Help.framework/Versions/A/Help
0x000000000180a000 	/System/Library/Frameworks/Carbon.framework/Versions/A/Frameworks/ImageCapture.framework/Versions/A/ImageCapture
0x000000000180a000 	/System/Library/Frameworks/Carbon.framework/Versions/A/Frameworks/OpenScripting.framework/Versions/A/OpenScripting
0x000000000180a000 	/System/Library/Frameworks/Carbon.framework/Versions/A/Frameworks/Print.framework/Versions/A/Print
0x000000000180a000 	/System/Library/Frameworks/Carbon.framework/Versions/A/Frameworks/SecurityHI.framework/Versions/A/SecurityHI
0x0000000110cc1000 	/Library/Java/JavaVirtualMachines/jdk1.8.0_91.jdk/Contents/Home/jre/lib/libdt_socket.dylib

VM Arguments:
jvm_args: -agentlib:jdwp=transport=dt_socket,suspend=y,address=localhost:52207 -Dfile.encoding=UTF-8 
java_command: transp_lp_solve
java_class_path (initial): /Users/beatrizsantiago/git/gametheory/FCTPClient/build/classes:/Users/beatrizsantiago/git/gametheory/FCTPClient/ImportedClasses:/Users/beatrizsantiago/Documents/Mestrado/GameTheory/Jogo/GLPKSolverPack.jar:/Users/beatrizsantiago/Documents/Mestrado/GameTheory/Jogo/SCPSolver.jar
Launcher Type: SUN_STANDARD

Environment Variables:
PATH=/usr/bin:/bin:/usr/sbin:/sbin
SHELL=/bin/bash

Signal Handlers:
SIGSEGV: [libjvm.dylib+0x5a97a1], sa_mask[0]=11111111011111110111111111111111, sa_flags=SA_ONSTACK|SA_RESTART|SA_SIGINFO
SIGBUS: [libjvm.dylib+0x5a97a1], sa_mask[0]=11111111011111110111111111111111, sa_flags=SA_RESTART|SA_SIGINFO
SIGFPE: [libjvm.dylib+0x482594], sa_mask[0]=11111111011111110111111111111111, sa_flags=SA_RESTART|SA_SIGINFO
SIGPIPE: [libjvm.dylib+0x482594], sa_mask[0]=11111111011111110111111111111111, sa_flags=SA_RESTART|SA_SIGINFO
SIGXFSZ: [libjvm.dylib+0x482594], sa_mask[0]=11111111011111110111111111111111, sa_flags=SA_RESTART|SA_SIGINFO
SIGILL: [libjvm.dylib+0x482594], sa_mask[0]=11111111011111110111111111111111, sa_flags=SA_RESTART|SA_SIGINFO
SIGUSR1: SIG_DFL, sa_mask[0]=00000000000000000000000000000000, sa_flags=none
SIGUSR2: [libjvm.dylib+0x4820b2], sa_mask[0]=00100000000000000000000000000000, sa_flags=SA_RESTART|SA_SIGINFO
SIGHUP: [libjvm.dylib+0x480689], sa_mask[0]=11111111011111110111111111111111, sa_flags=SA_RESTART|SA_SIGINFO
SIGINT: [libjvm.dylib+0x480689], sa_mask[0]=11111111011111110111111111111111, sa_flags=SA_RESTART|SA_SIGINFO
SIGTERM: [libjvm.dylib+0x480689], sa_mask[0]=11111111011111110111111111111111, sa_flags=SA_RESTART|SA_SIGINFO
SIGQUIT: [libjvm.dylib+0x480689], sa_mask[0]=11111111011111110111111111111111, sa_flags=SA_RESTART|SA_SIGINFO


---------------  S Y S T E M  ---------------

OS:Bsduname:Darwin 17.2.0 Darwin Kernel Version 17.2.0: Fri Sep 29 18:27:05 PDT 2017; root:xnu-4570.20.62~3/RELEASE_X86_64 x86_64
rlimit: STACK 8192k, CORE 0k, NPROC 709, NOFILE 10240, AS infinity
load average:1.64 1.97 2.01

CPU:total 4 (2 cores per cpu, 2 threads per core) family 6 model 61 stepping 4, cmov, cx8, fxsr, mmx, sse, sse2, sse3, ssse3, sse4.1, sse4.2, popcnt, avx, avx2, aes, clmul, erms, 3dnowpref, lzcnt, ht, tsc, tscinvbit, bmi1, bmi2, adx

Memory: 4k page, physical 8388608k(1338328k free)

/proc/meminfo:


vm_info: Java HotSpot(TM) 64-Bit Server VM (25.91-b14) for bsd-amd64 JRE (1.8.0_91-b14), built on Apr  1 2016 01:03:00 by "java_re" with gcc 4.2.1 (Based on Apple Inc. build 5658) (LLVM build 2336.11.00)

time: Tue Jun  5 16:11:23 2018
elapsed time: 6943 seconds (0d 1h 55m 43s)

